2023-04-09 18:33:28,999 ERROR Internal Server Error: /news/ C:\Users\TASMaster\projects\Skillfactory\7_Django\News-portal\venv\lib\site-packages\django\utils\log.py (<class 'django.template.exceptions.TemplateSyntaxError'>, TemplateSyntaxError("Could not parse the remainder: '% trans flatpage.content' from '% trans flatpage.content'"), <traceback object at 0x000002055D1FC980>)
Traceback (most recent call last):
  File "C:\Users\TASMaster\projects\Skillfactory\7_Django\News-portal\venv\lib\site-packages\django\core\handlers\exception.py", line 55, in inner
    response = get_response(request)
  File "C:\Users\TASMaster\projects\Skillfactory\7_Django\News-portal\venv\lib\site-packages\django\core\handlers\base.py", line 220, in _get_response
    response = response.render()
  File "C:\Users\TASMaster\projects\Skillfactory\7_Django\News-portal\venv\lib\site-packages\django\template\response.py", line 114, in render
    self.content = self.rendered_content
  File "C:\Users\TASMaster\projects\Skillfactory\7_Django\News-portal\venv\lib\site-packages\django\template\response.py", line 92, in rendered_content
    return template.render(context, self._request)
  File "C:\Users\TASMaster\projects\Skillfactory\7_Django\News-portal\venv\lib\site-packages\django\template\backends\django.py", line 62, in render
    return self.template.render(context)
  File "C:\Users\TASMaster\projects\Skillfactory\7_Django\News-portal\venv\lib\site-packages\django\template\base.py", line 175, in render
    return self._render(context)
  File "C:\Users\TASMaster\projects\Skillfactory\7_Django\News-portal\venv\lib\site-packages\django\template\base.py", line 167, in _render
    return self.nodelist.render(context)
  File "C:\Users\TASMaster\projects\Skillfactory\7_Django\News-portal\venv\lib\site-packages\django\template\base.py", line 1005, in render
    return SafeString("".join([node.render_annotated(context) for node in self]))
  File "C:\Users\TASMaster\projects\Skillfactory\7_Django\News-portal\venv\lib\site-packages\django\template\base.py", line 1005, in <listcomp>
    return SafeString("".join([node.render_annotated(context) for node in self]))
  File "C:\Users\TASMaster\projects\Skillfactory\7_Django\News-portal\venv\lib\site-packages\django\template\base.py", line 966, in render_annotated
    return self.render(context)
  File "C:\Users\TASMaster\projects\Skillfactory\7_Django\News-portal\venv\lib\site-packages\django\template\loader_tags.py", line 132, in render
    compiled_parent = self.get_parent(context)
  File "C:\Users\TASMaster\projects\Skillfactory\7_Django\News-portal\venv\lib\site-packages\django\template\loader_tags.py", line 129, in get_parent
    return self.find_template(parent, context)
  File "C:\Users\TASMaster\projects\Skillfactory\7_Django\News-portal\venv\lib\site-packages\django\template\loader_tags.py", line 107, in find_template
    template, origin = context.template.engine.find_template(
  File "C:\Users\TASMaster\projects\Skillfactory\7_Django\News-portal\venv\lib\site-packages\django\template\engine.py", line 157, in find_template
    template = loader.get_template(name, skip=skip)
  File "C:\Users\TASMaster\projects\Skillfactory\7_Django\News-portal\venv\lib\site-packages\django\template\loaders\cached.py", line 57, in get_template
    template = super().get_template(template_name, skip)
  File "C:\Users\TASMaster\projects\Skillfactory\7_Django\News-portal\venv\lib\site-packages\django\template\loaders\base.py", line 28, in get_template
    return Template(
  File "C:\Users\TASMaster\projects\Skillfactory\7_Django\News-portal\venv\lib\site-packages\django\template\base.py", line 154, in __init__
    self.nodelist = self.compile_nodelist()
  File "C:\Users\TASMaster\projects\Skillfactory\7_Django\News-portal\venv\lib\site-packages\django\template\base.py", line 200, in compile_nodelist
    return parser.parse()
  File "C:\Users\TASMaster\projects\Skillfactory\7_Django\News-portal\venv\lib\site-packages\django\template\base.py", line 513, in parse
    raise self.error(token, e)
  File "C:\Users\TASMaster\projects\Skillfactory\7_Django\News-portal\venv\lib\site-packages\django\template\base.py", line 511, in parse
    compiled_result = compile_func(self, token)
  File "C:\Users\TASMaster\projects\Skillfactory\7_Django\News-portal\venv\lib\site-packages\django\template\loader_tags.py", line 232, in do_block
    nodelist = parser.parse(("endblock",))
  File "C:\Users\TASMaster\projects\Skillfactory\7_Django\News-portal\venv\lib\site-packages\django\template\base.py", line 484, in parse
    raise self.error(token, e)
  File "C:\Users\TASMaster\projects\Skillfactory\7_Django\News-portal\venv\lib\site-packages\django\template\base.py", line 482, in parse
    filter_expression = self.compile_filter(token.contents)
  File "C:\Users\TASMaster\projects\Skillfactory\7_Django\News-portal\venv\lib\site-packages\django\template\base.py", line 600, in compile_filter
    return FilterExpression(token, self)
  File "C:\Users\TASMaster\projects\Skillfactory\7_Django\News-portal\venv\lib\site-packages\django\template\base.py", line 703, in __init__
    raise TemplateSyntaxError(
django.template.exceptions.TemplateSyntaxError: Could not parse the remainder: '% trans flatpage.content' from '% trans flatpage.content'
2023-04-09 18:33:29,010 ERROR "GET /news/ HTTP/1.1" 500 217940 C:\Users\TASMaster\projects\Skillfactory\7_Django\News-portal\venv\lib\site-packages\django\core\servers\basehttp.py None
2023-04-09 18:34:02,031 ERROR Internal Server Error: /news/ C:\Users\TASMaster\projects\Skillfactory\7_Django\News-portal\venv\lib\site-packages\django\utils\log.py (<class 'django.template.exceptions.TemplateSyntaxError'>, TemplateSyntaxError("Could not parse the remainder: '% trans flatpage.content %' from '% trans flatpage.content %'"), <traceback object at 0x0000028BB58122C0>)
Traceback (most recent call last):
  File "C:\Users\TASMaster\projects\Skillfactory\7_Django\News-portal\venv\lib\site-packages\django\core\handlers\exception.py", line 55, in inner
    response = get_response(request)
  File "C:\Users\TASMaster\projects\Skillfactory\7_Django\News-portal\venv\lib\site-packages\django\core\handlers\base.py", line 220, in _get_response
    response = response.render()
  File "C:\Users\TASMaster\projects\Skillfactory\7_Django\News-portal\venv\lib\site-packages\django\template\response.py", line 114, in render
    self.content = self.rendered_content
  File "C:\Users\TASMaster\projects\Skillfactory\7_Django\News-portal\venv\lib\site-packages\django\template\response.py", line 92, in rendered_content
    return template.render(context, self._request)
  File "C:\Users\TASMaster\projects\Skillfactory\7_Django\News-portal\venv\lib\site-packages\django\template\backends\django.py", line 62, in render
    return self.template.render(context)
  File "C:\Users\TASMaster\projects\Skillfactory\7_Django\News-portal\venv\lib\site-packages\django\template\base.py", line 175, in render
    return self._render(context)
  File "C:\Users\TASMaster\projects\Skillfactory\7_Django\News-portal\venv\lib\site-packages\django\template\base.py", line 167, in _render
    return self.nodelist.render(context)
  File "C:\Users\TASMaster\projects\Skillfactory\7_Django\News-portal\venv\lib\site-packages\django\template\base.py", line 1005, in render
    return SafeString("".join([node.render_annotated(context) for node in self]))
  File "C:\Users\TASMaster\projects\Skillfactory\7_Django\News-portal\venv\lib\site-packages\django\template\base.py", line 1005, in <listcomp>
    return SafeString("".join([node.render_annotated(context) for node in self]))
  File "C:\Users\TASMaster\projects\Skillfactory\7_Django\News-portal\venv\lib\site-packages\django\template\base.py", line 966, in render_annotated
    return self.render(context)
  File "C:\Users\TASMaster\projects\Skillfactory\7_Django\News-portal\venv\lib\site-packages\django\template\loader_tags.py", line 132, in render
    compiled_parent = self.get_parent(context)
  File "C:\Users\TASMaster\projects\Skillfactory\7_Django\News-portal\venv\lib\site-packages\django\template\loader_tags.py", line 129, in get_parent
    return self.find_template(parent, context)
  File "C:\Users\TASMaster\projects\Skillfactory\7_Django\News-portal\venv\lib\site-packages\django\template\loader_tags.py", line 107, in find_template
    template, origin = context.template.engine.find_template(
  File "C:\Users\TASMaster\projects\Skillfactory\7_Django\News-portal\venv\lib\site-packages\django\template\engine.py", line 157, in find_template
    template = loader.get_template(name, skip=skip)
  File "C:\Users\TASMaster\projects\Skillfactory\7_Django\News-portal\venv\lib\site-packages\django\template\loaders\cached.py", line 57, in get_template
    template = super().get_template(template_name, skip)
  File "C:\Users\TASMaster\projects\Skillfactory\7_Django\News-portal\venv\lib\site-packages\django\template\loaders\base.py", line 28, in get_template
    return Template(
  File "C:\Users\TASMaster\projects\Skillfactory\7_Django\News-portal\venv\lib\site-packages\django\template\base.py", line 154, in __init__
    self.nodelist = self.compile_nodelist()
  File "C:\Users\TASMaster\projects\Skillfactory\7_Django\News-portal\venv\lib\site-packages\django\template\base.py", line 200, in compile_nodelist
    return parser.parse()
  File "C:\Users\TASMaster\projects\Skillfactory\7_Django\News-portal\venv\lib\site-packages\django\template\base.py", line 513, in parse
    raise self.error(token, e)
  File "C:\Users\TASMaster\projects\Skillfactory\7_Django\News-portal\venv\lib\site-packages\django\template\base.py", line 511, in parse
    compiled_result = compile_func(self, token)
  File "C:\Users\TASMaster\projects\Skillfactory\7_Django\News-portal\venv\lib\site-packages\django\template\loader_tags.py", line 232, in do_block
    nodelist = parser.parse(("endblock",))
  File "C:\Users\TASMaster\projects\Skillfactory\7_Django\News-portal\venv\lib\site-packages\django\template\base.py", line 484, in parse
    raise self.error(token, e)
  File "C:\Users\TASMaster\projects\Skillfactory\7_Django\News-portal\venv\lib\site-packages\django\template\base.py", line 482, in parse
    filter_expression = self.compile_filter(token.contents)
  File "C:\Users\TASMaster\projects\Skillfactory\7_Django\News-portal\venv\lib\site-packages\django\template\base.py", line 600, in compile_filter
    return FilterExpression(token, self)
  File "C:\Users\TASMaster\projects\Skillfactory\7_Django\News-portal\venv\lib\site-packages\django\template\base.py", line 703, in __init__
    raise TemplateSyntaxError(
django.template.exceptions.TemplateSyntaxError: Could not parse the remainder: '% trans flatpage.content %' from '% trans flatpage.content %'
2023-04-09 18:34:02,040 ERROR "GET /news/ HTTP/1.1" 500 217974 C:\Users\TASMaster\projects\Skillfactory\7_Django\News-portal\venv\lib\site-packages\django\core\servers\basehttp.py None
2023-04-09 18:34:03,120 ERROR Internal Server Error: /news/ C:\Users\TASMaster\projects\Skillfactory\7_Django\News-portal\venv\lib\site-packages\django\utils\log.py (<class 'django.template.exceptions.TemplateSyntaxError'>, TemplateSyntaxError("Could not parse the remainder: '% trans flatpage.content %' from '% trans flatpage.content %'"), <traceback object at 0x0000028BB55BF200>)
Traceback (most recent call last):
  File "C:\Users\TASMaster\projects\Skillfactory\7_Django\News-portal\venv\lib\site-packages\django\core\handlers\exception.py", line 55, in inner
    response = get_response(request)
  File "C:\Users\TASMaster\projects\Skillfactory\7_Django\News-portal\venv\lib\site-packages\django\core\handlers\base.py", line 220, in _get_response
    response = response.render()
  File "C:\Users\TASMaster\projects\Skillfactory\7_Django\News-portal\venv\lib\site-packages\django\template\response.py", line 114, in render
    self.content = self.rendered_content
  File "C:\Users\TASMaster\projects\Skillfactory\7_Django\News-portal\venv\lib\site-packages\django\template\response.py", line 92, in rendered_content
    return template.render(context, self._request)
  File "C:\Users\TASMaster\projects\Skillfactory\7_Django\News-portal\venv\lib\site-packages\django\template\backends\django.py", line 62, in render
    return self.template.render(context)
  File "C:\Users\TASMaster\projects\Skillfactory\7_Django\News-portal\venv\lib\site-packages\django\template\base.py", line 175, in render
    return self._render(context)
  File "C:\Users\TASMaster\projects\Skillfactory\7_Django\News-portal\venv\lib\site-packages\django\template\base.py", line 167, in _render
    return self.nodelist.render(context)
  File "C:\Users\TASMaster\projects\Skillfactory\7_Django\News-portal\venv\lib\site-packages\django\template\base.py", line 1005, in render
    return SafeString("".join([node.render_annotated(context) for node in self]))
  File "C:\Users\TASMaster\projects\Skillfactory\7_Django\News-portal\venv\lib\site-packages\django\template\base.py", line 1005, in <listcomp>
    return SafeString("".join([node.render_annotated(context) for node in self]))
  File "C:\Users\TASMaster\projects\Skillfactory\7_Django\News-portal\venv\lib\site-packages\django\template\base.py", line 966, in render_annotated
    return self.render(context)
  File "C:\Users\TASMaster\projects\Skillfactory\7_Django\News-portal\venv\lib\site-packages\django\template\loader_tags.py", line 132, in render
    compiled_parent = self.get_parent(context)
  File "C:\Users\TASMaster\projects\Skillfactory\7_Django\News-portal\venv\lib\site-packages\django\template\loader_tags.py", line 129, in get_parent
    return self.find_template(parent, context)
  File "C:\Users\TASMaster\projects\Skillfactory\7_Django\News-portal\venv\lib\site-packages\django\template\loader_tags.py", line 107, in find_template
    template, origin = context.template.engine.find_template(
  File "C:\Users\TASMaster\projects\Skillfactory\7_Django\News-portal\venv\lib\site-packages\django\template\engine.py", line 157, in find_template
    template = loader.get_template(name, skip=skip)
  File "C:\Users\TASMaster\projects\Skillfactory\7_Django\News-portal\venv\lib\site-packages\django\template\loaders\cached.py", line 57, in get_template
    template = super().get_template(template_name, skip)
  File "C:\Users\TASMaster\projects\Skillfactory\7_Django\News-portal\venv\lib\site-packages\django\template\loaders\base.py", line 28, in get_template
    return Template(
  File "C:\Users\TASMaster\projects\Skillfactory\7_Django\News-portal\venv\lib\site-packages\django\template\base.py", line 154, in __init__
    self.nodelist = self.compile_nodelist()
  File "C:\Users\TASMaster\projects\Skillfactory\7_Django\News-portal\venv\lib\site-packages\django\template\base.py", line 200, in compile_nodelist
    return parser.parse()
  File "C:\Users\TASMaster\projects\Skillfactory\7_Django\News-portal\venv\lib\site-packages\django\template\base.py", line 513, in parse
    raise self.error(token, e)
  File "C:\Users\TASMaster\projects\Skillfactory\7_Django\News-portal\venv\lib\site-packages\django\template\base.py", line 511, in parse
    compiled_result = compile_func(self, token)
  File "C:\Users\TASMaster\projects\Skillfactory\7_Django\News-portal\venv\lib\site-packages\django\template\loader_tags.py", line 232, in do_block
    nodelist = parser.parse(("endblock",))
  File "C:\Users\TASMaster\projects\Skillfactory\7_Django\News-portal\venv\lib\site-packages\django\template\base.py", line 484, in parse
    raise self.error(token, e)
  File "C:\Users\TASMaster\projects\Skillfactory\7_Django\News-portal\venv\lib\site-packages\django\template\base.py", line 482, in parse
    filter_expression = self.compile_filter(token.contents)
  File "C:\Users\TASMaster\projects\Skillfactory\7_Django\News-portal\venv\lib\site-packages\django\template\base.py", line 600, in compile_filter
    return FilterExpression(token, self)
  File "C:\Users\TASMaster\projects\Skillfactory\7_Django\News-portal\venv\lib\site-packages\django\template\base.py", line 703, in __init__
    raise TemplateSyntaxError(
django.template.exceptions.TemplateSyntaxError: Could not parse the remainder: '% trans flatpage.content %' from '% trans flatpage.content %'
2023-04-09 18:34:03,130 ERROR "GET /news/ HTTP/1.1" 500 217974 C:\Users\TASMaster\projects\Skillfactory\7_Django\News-portal\venv\lib\site-packages\django\core\servers\basehttp.py None
2023-04-09 18:34:32,515 ERROR Internal Server Error: /news/ C:\Users\TASMaster\projects\Skillfactory\7_Django\News-portal\venv\lib\site-packages\django\utils\log.py (<class 'django.template.exceptions.TemplateSyntaxError'>, TemplateSyntaxError("Could not parse the remainder: '{flatpage.content}' from '{flatpage.content}'"), <traceback object at 0x000001D662350440>)
Traceback (most recent call last):
  File "C:\Users\TASMaster\projects\Skillfactory\7_Django\News-portal\venv\lib\site-packages\django\core\handlers\exception.py", line 55, in inner
    response = get_response(request)
  File "C:\Users\TASMaster\projects\Skillfactory\7_Django\News-portal\venv\lib\site-packages\django\core\handlers\base.py", line 220, in _get_response
    response = response.render()
  File "C:\Users\TASMaster\projects\Skillfactory\7_Django\News-portal\venv\lib\site-packages\django\template\response.py", line 114, in render
    self.content = self.rendered_content
  File "C:\Users\TASMaster\projects\Skillfactory\7_Django\News-portal\venv\lib\site-packages\django\template\response.py", line 92, in rendered_content
    return template.render(context, self._request)
  File "C:\Users\TASMaster\projects\Skillfactory\7_Django\News-portal\venv\lib\site-packages\django\template\backends\django.py", line 62, in render
    return self.template.render(context)
  File "C:\Users\TASMaster\projects\Skillfactory\7_Django\News-portal\venv\lib\site-packages\django\template\base.py", line 175, in render
    return self._render(context)
  File "C:\Users\TASMaster\projects\Skillfactory\7_Django\News-portal\venv\lib\site-packages\django\template\base.py", line 167, in _render
    return self.nodelist.render(context)
  File "C:\Users\TASMaster\projects\Skillfactory\7_Django\News-portal\venv\lib\site-packages\django\template\base.py", line 1005, in render
    return SafeString("".join([node.render_annotated(context) for node in self]))
  File "C:\Users\TASMaster\projects\Skillfactory\7_Django\News-portal\venv\lib\site-packages\django\template\base.py", line 1005, in <listcomp>
    return SafeString("".join([node.render_annotated(context) for node in self]))
  File "C:\Users\TASMaster\projects\Skillfactory\7_Django\News-portal\venv\lib\site-packages\django\template\base.py", line 966, in render_annotated
    return self.render(context)
  File "C:\Users\TASMaster\projects\Skillfactory\7_Django\News-portal\venv\lib\site-packages\django\template\loader_tags.py", line 132, in render
    compiled_parent = self.get_parent(context)
  File "C:\Users\TASMaster\projects\Skillfactory\7_Django\News-portal\venv\lib\site-packages\django\template\loader_tags.py", line 129, in get_parent
    return self.find_template(parent, context)
  File "C:\Users\TASMaster\projects\Skillfactory\7_Django\News-portal\venv\lib\site-packages\django\template\loader_tags.py", line 107, in find_template
    template, origin = context.template.engine.find_template(
  File "C:\Users\TASMaster\projects\Skillfactory\7_Django\News-portal\venv\lib\site-packages\django\template\engine.py", line 157, in find_template
    template = loader.get_template(name, skip=skip)
  File "C:\Users\TASMaster\projects\Skillfactory\7_Django\News-portal\venv\lib\site-packages\django\template\loaders\cached.py", line 57, in get_template
    template = super().get_template(template_name, skip)
  File "C:\Users\TASMaster\projects\Skillfactory\7_Django\News-portal\venv\lib\site-packages\django\template\loaders\base.py", line 28, in get_template
    return Template(
  File "C:\Users\TASMaster\projects\Skillfactory\7_Django\News-portal\venv\lib\site-packages\django\template\base.py", line 154, in __init__
    self.nodelist = self.compile_nodelist()
  File "C:\Users\TASMaster\projects\Skillfactory\7_Django\News-portal\venv\lib\site-packages\django\template\base.py", line 200, in compile_nodelist
    return parser.parse()
  File "C:\Users\TASMaster\projects\Skillfactory\7_Django\News-portal\venv\lib\site-packages\django\template\base.py", line 513, in parse
    raise self.error(token, e)
  File "C:\Users\TASMaster\projects\Skillfactory\7_Django\News-portal\venv\lib\site-packages\django\template\base.py", line 511, in parse
    compiled_result = compile_func(self, token)
  File "C:\Users\TASMaster\projects\Skillfactory\7_Django\News-portal\venv\lib\site-packages\django\template\loader_tags.py", line 232, in do_block
    nodelist = parser.parse(("endblock",))
  File "C:\Users\TASMaster\projects\Skillfactory\7_Django\News-portal\venv\lib\site-packages\django\template\base.py", line 513, in parse
    raise self.error(token, e)
  File "C:\Users\TASMaster\projects\Skillfactory\7_Django\News-portal\venv\lib\site-packages\django\template\base.py", line 511, in parse
    compiled_result = compile_func(self, token)
  File "C:\Users\TASMaster\projects\Skillfactory\7_Django\News-portal\venv\lib\site-packages\django\templatetags\i18n.py", line 403, in do_translate
    message_string = parser.compile_filter(bits[1])
  File "C:\Users\TASMaster\projects\Skillfactory\7_Django\News-portal\venv\lib\site-packages\django\template\base.py", line 600, in compile_filter
    return FilterExpression(token, self)
  File "C:\Users\TASMaster\projects\Skillfactory\7_Django\News-portal\venv\lib\site-packages\django\template\base.py", line 703, in __init__
    raise TemplateSyntaxError(
django.template.exceptions.TemplateSyntaxError: Could not parse the remainder: '{flatpage.content}' from '{flatpage.content}'
2023-04-09 18:34:32,527 ERROR "GET /news/ HTTP/1.1" 500 222774 C:\Users\TASMaster\projects\Skillfactory\7_Django\News-portal\venv\lib\site-packages\django\core\servers\basehttp.py None
2023-04-09 18:34:33,384 ERROR Internal Server Error: /news/ C:\Users\TASMaster\projects\Skillfactory\7_Django\News-portal\venv\lib\site-packages\django\utils\log.py (<class 'django.template.exceptions.TemplateSyntaxError'>, TemplateSyntaxError("Could not parse the remainder: '{flatpage.content}' from '{flatpage.content}'"), <traceback object at 0x000001D66217A300>)
Traceback (most recent call last):
  File "C:\Users\TASMaster\projects\Skillfactory\7_Django\News-portal\venv\lib\site-packages\django\core\handlers\exception.py", line 55, in inner
    response = get_response(request)
  File "C:\Users\TASMaster\projects\Skillfactory\7_Django\News-portal\venv\lib\site-packages\django\core\handlers\base.py", line 220, in _get_response
    response = response.render()
  File "C:\Users\TASMaster\projects\Skillfactory\7_Django\News-portal\venv\lib\site-packages\django\template\response.py", line 114, in render
    self.content = self.rendered_content
  File "C:\Users\TASMaster\projects\Skillfactory\7_Django\News-portal\venv\lib\site-packages\django\template\response.py", line 92, in rendered_content
    return template.render(context, self._request)
  File "C:\Users\TASMaster\projects\Skillfactory\7_Django\News-portal\venv\lib\site-packages\django\template\backends\django.py", line 62, in render
    return self.template.render(context)
  File "C:\Users\TASMaster\projects\Skillfactory\7_Django\News-portal\venv\lib\site-packages\django\template\base.py", line 175, in render
    return self._render(context)
  File "C:\Users\TASMaster\projects\Skillfactory\7_Django\News-portal\venv\lib\site-packages\django\template\base.py", line 167, in _render
    return self.nodelist.render(context)
  File "C:\Users\TASMaster\projects\Skillfactory\7_Django\News-portal\venv\lib\site-packages\django\template\base.py", line 1005, in render
    return SafeString("".join([node.render_annotated(context) for node in self]))
  File "C:\Users\TASMaster\projects\Skillfactory\7_Django\News-portal\venv\lib\site-packages\django\template\base.py", line 1005, in <listcomp>
    return SafeString("".join([node.render_annotated(context) for node in self]))
  File "C:\Users\TASMaster\projects\Skillfactory\7_Django\News-portal\venv\lib\site-packages\django\template\base.py", line 966, in render_annotated
    return self.render(context)
  File "C:\Users\TASMaster\projects\Skillfactory\7_Django\News-portal\venv\lib\site-packages\django\template\loader_tags.py", line 132, in render
    compiled_parent = self.get_parent(context)
  File "C:\Users\TASMaster\projects\Skillfactory\7_Django\News-portal\venv\lib\site-packages\django\template\loader_tags.py", line 129, in get_parent
    return self.find_template(parent, context)
  File "C:\Users\TASMaster\projects\Skillfactory\7_Django\News-portal\venv\lib\site-packages\django\template\loader_tags.py", line 107, in find_template
    template, origin = context.template.engine.find_template(
  File "C:\Users\TASMaster\projects\Skillfactory\7_Django\News-portal\venv\lib\site-packages\django\template\engine.py", line 157, in find_template
    template = loader.get_template(name, skip=skip)
  File "C:\Users\TASMaster\projects\Skillfactory\7_Django\News-portal\venv\lib\site-packages\django\template\loaders\cached.py", line 57, in get_template
    template = super().get_template(template_name, skip)
  File "C:\Users\TASMaster\projects\Skillfactory\7_Django\News-portal\venv\lib\site-packages\django\template\loaders\base.py", line 28, in get_template
    return Template(
  File "C:\Users\TASMaster\projects\Skillfactory\7_Django\News-portal\venv\lib\site-packages\django\template\base.py", line 154, in __init__
    self.nodelist = self.compile_nodelist()
  File "C:\Users\TASMaster\projects\Skillfactory\7_Django\News-portal\venv\lib\site-packages\django\template\base.py", line 200, in compile_nodelist
    return parser.parse()
  File "C:\Users\TASMaster\projects\Skillfactory\7_Django\News-portal\venv\lib\site-packages\django\template\base.py", line 513, in parse
    raise self.error(token, e)
  File "C:\Users\TASMaster\projects\Skillfactory\7_Django\News-portal\venv\lib\site-packages\django\template\base.py", line 511, in parse
    compiled_result = compile_func(self, token)
  File "C:\Users\TASMaster\projects\Skillfactory\7_Django\News-portal\venv\lib\site-packages\django\template\loader_tags.py", line 232, in do_block
    nodelist = parser.parse(("endblock",))
  File "C:\Users\TASMaster\projects\Skillfactory\7_Django\News-portal\venv\lib\site-packages\django\template\base.py", line 513, in parse
    raise self.error(token, e)
  File "C:\Users\TASMaster\projects\Skillfactory\7_Django\News-portal\venv\lib\site-packages\django\template\base.py", line 511, in parse
    compiled_result = compile_func(self, token)
  File "C:\Users\TASMaster\projects\Skillfactory\7_Django\News-portal\venv\lib\site-packages\django\templatetags\i18n.py", line 403, in do_translate
    message_string = parser.compile_filter(bits[1])
  File "C:\Users\TASMaster\projects\Skillfactory\7_Django\News-portal\venv\lib\site-packages\django\template\base.py", line 600, in compile_filter
    return FilterExpression(token, self)
  File "C:\Users\TASMaster\projects\Skillfactory\7_Django\News-portal\venv\lib\site-packages\django\template\base.py", line 703, in __init__
    raise TemplateSyntaxError(
django.template.exceptions.TemplateSyntaxError: Could not parse the remainder: '{flatpage.content}' from '{flatpage.content}'
2023-04-09 18:34:33,392 ERROR "GET /news/ HTTP/1.1" 500 222774 C:\Users\TASMaster\projects\Skillfactory\7_Django\News-portal\venv\lib\site-packages\django\core\servers\basehttp.py None
2023-04-09 18:39:22,640 ERROR Internal Server Error: /news/ C:\Users\TASMaster\projects\Skillfactory\7_Django\News-portal\venv\lib\site-packages\django\utils\log.py (<class 'django.template.exceptions.TemplateSyntaxError'>, TemplateSyntaxError("Invalid block tag on line 29: 'trans', expected 'elif', 'else' or 'endif'. Did you forget to register or load this tag?"), <traceback object at 0x0000024982390B40>)
Traceback (most recent call last):
  File "C:\Users\TASMaster\projects\Skillfactory\7_Django\News-portal\venv\lib\site-packages\django\template\base.py", line 505, in parse
    compile_func = self.tags[command]
KeyError: 'trans'

During handling of the above exception, another exception occurred:

Traceback (most recent call last):
  File "C:\Users\TASMaster\projects\Skillfactory\7_Django\News-portal\venv\lib\site-packages\django\core\handlers\exception.py", line 55, in inner
    response = get_response(request)
  File "C:\Users\TASMaster\projects\Skillfactory\7_Django\News-portal\venv\lib\site-packages\django\core\handlers\base.py", line 220, in _get_response
    response = response.render()
  File "C:\Users\TASMaster\projects\Skillfactory\7_Django\News-portal\venv\lib\site-packages\django\template\response.py", line 114, in render
    self.content = self.rendered_content
  File "C:\Users\TASMaster\projects\Skillfactory\7_Django\News-portal\venv\lib\site-packages\django\template\response.py", line 90, in rendered_content
    template = self.resolve_template(self.template_name)
  File "C:\Users\TASMaster\projects\Skillfactory\7_Django\News-portal\venv\lib\site-packages\django\template\response.py", line 72, in resolve_template
    return select_template(template, using=self.using)
  File "C:\Users\TASMaster\projects\Skillfactory\7_Django\News-portal\venv\lib\site-packages\django\template\loader.py", line 42, in select_template
    return engine.get_template(template_name)
  File "C:\Users\TASMaster\projects\Skillfactory\7_Django\News-portal\venv\lib\site-packages\django\template\backends\django.py", line 34, in get_template
    return Template(self.engine.get_template(template_name), self)
  File "C:\Users\TASMaster\projects\Skillfactory\7_Django\News-portal\venv\lib\site-packages\django\template\engine.py", line 175, in get_template
    template, origin = self.find_template(template_name)
  File "C:\Users\TASMaster\projects\Skillfactory\7_Django\News-portal\venv\lib\site-packages\django\template\engine.py", line 157, in find_template
    template = loader.get_template(name, skip=skip)
  File "C:\Users\TASMaster\projects\Skillfactory\7_Django\News-portal\venv\lib\site-packages\django\template\loaders\cached.py", line 57, in get_template
    template = super().get_template(template_name, skip)
  File "C:\Users\TASMaster\projects\Skillfactory\7_Django\News-portal\venv\lib\site-packages\django\template\loaders\base.py", line 28, in get_template
    return Template(
  File "C:\Users\TASMaster\projects\Skillfactory\7_Django\News-portal\venv\lib\site-packages\django\template\base.py", line 154, in __init__
    self.nodelist = self.compile_nodelist()
  File "C:\Users\TASMaster\projects\Skillfactory\7_Django\News-portal\venv\lib\site-packages\django\template\base.py", line 200, in compile_nodelist
    return parser.parse()
  File "C:\Users\TASMaster\projects\Skillfactory\7_Django\News-portal\venv\lib\site-packages\django\template\base.py", line 513, in parse
    raise self.error(token, e)
  File "C:\Users\TASMaster\projects\Skillfactory\7_Django\News-portal\venv\lib\site-packages\django\template\base.py", line 511, in parse
    compiled_result = compile_func(self, token)
  File "C:\Users\TASMaster\projects\Skillfactory\7_Django\News-portal\venv\lib\site-packages\django\template\loader_tags.py", line 293, in do_extends
    nodelist = parser.parse()
  File "C:\Users\TASMaster\projects\Skillfactory\7_Django\News-portal\venv\lib\site-packages\django\template\base.py", line 513, in parse
    raise self.error(token, e)
  File "C:\Users\TASMaster\projects\Skillfactory\7_Django\News-portal\venv\lib\site-packages\django\template\base.py", line 511, in parse
    compiled_result = compile_func(self, token)
  File "C:\Users\TASMaster\projects\Skillfactory\7_Django\News-portal\venv\lib\site-packages\django\template\loader_tags.py", line 232, in do_block
    nodelist = parser.parse(("endblock",))
  File "C:\Users\TASMaster\projects\Skillfactory\7_Django\News-portal\venv\lib\site-packages\django\template\base.py", line 513, in parse
    raise self.error(token, e)
  File "C:\Users\TASMaster\projects\Skillfactory\7_Django\News-portal\venv\lib\site-packages\django\template\base.py", line 511, in parse
    compiled_result = compile_func(self, token)
  File "C:\Users\TASMaster\projects\Skillfactory\7_Django\News-portal\venv\lib\site-packages\django\template\defaulttags.py", line 954, in do_if
    nodelist = parser.parse(("elif", "else", "endif"))
  File "C:\Users\TASMaster\projects\Skillfactory\7_Django\News-portal\venv\lib\site-packages\django\template\base.py", line 507, in parse
    self.invalid_block_tag(token, command, parse_until)
  File "C:\Users\TASMaster\projects\Skillfactory\7_Django\News-portal\venv\lib\site-packages\django\template\base.py", line 558, in invalid_block_tag
    raise self.error(
django.template.exceptions.TemplateSyntaxError: Invalid block tag on line 29: 'trans', expected 'elif', 'else' or 'endif'. Did you forget to register or load this tag?
2023-04-09 18:39:22,650 ERROR "GET /news/ HTTP/1.1" 500 249297 C:\Users\TASMaster\projects\Skillfactory\7_Django\News-portal\venv\lib\site-packages\django\core\servers\basehttp.py None
2023-04-09 18:39:23,802 ERROR Internal Server Error: /news/ C:\Users\TASMaster\projects\Skillfactory\7_Django\News-portal\venv\lib\site-packages\django\utils\log.py (<class 'django.template.exceptions.TemplateSyntaxError'>, TemplateSyntaxError("Invalid block tag on line 29: 'trans', expected 'elif', 'else' or 'endif'. Did you forget to register or load this tag?"), <traceback object at 0x0000024982691380>)
Traceback (most recent call last):
  File "C:\Users\TASMaster\projects\Skillfactory\7_Django\News-portal\venv\lib\site-packages\django\template\base.py", line 505, in parse
    compile_func = self.tags[command]
KeyError: 'trans'

During handling of the above exception, another exception occurred:

Traceback (most recent call last):
  File "C:\Users\TASMaster\projects\Skillfactory\7_Django\News-portal\venv\lib\site-packages\django\core\handlers\exception.py", line 55, in inner
    response = get_response(request)
  File "C:\Users\TASMaster\projects\Skillfactory\7_Django\News-portal\venv\lib\site-packages\django\core\handlers\base.py", line 220, in _get_response
    response = response.render()
  File "C:\Users\TASMaster\projects\Skillfactory\7_Django\News-portal\venv\lib\site-packages\django\template\response.py", line 114, in render
    self.content = self.rendered_content
  File "C:\Users\TASMaster\projects\Skillfactory\7_Django\News-portal\venv\lib\site-packages\django\template\response.py", line 90, in rendered_content
    template = self.resolve_template(self.template_name)
  File "C:\Users\TASMaster\projects\Skillfactory\7_Django\News-portal\venv\lib\site-packages\django\template\response.py", line 72, in resolve_template
    return select_template(template, using=self.using)
  File "C:\Users\TASMaster\projects\Skillfactory\7_Django\News-portal\venv\lib\site-packages\django\template\loader.py", line 42, in select_template
    return engine.get_template(template_name)
  File "C:\Users\TASMaster\projects\Skillfactory\7_Django\News-portal\venv\lib\site-packages\django\template\backends\django.py", line 34, in get_template
    return Template(self.engine.get_template(template_name), self)
  File "C:\Users\TASMaster\projects\Skillfactory\7_Django\News-portal\venv\lib\site-packages\django\template\engine.py", line 175, in get_template
    template, origin = self.find_template(template_name)
  File "C:\Users\TASMaster\projects\Skillfactory\7_Django\News-portal\venv\lib\site-packages\django\template\engine.py", line 157, in find_template
    template = loader.get_template(name, skip=skip)
  File "C:\Users\TASMaster\projects\Skillfactory\7_Django\News-portal\venv\lib\site-packages\django\template\loaders\cached.py", line 57, in get_template
    template = super().get_template(template_name, skip)
  File "C:\Users\TASMaster\projects\Skillfactory\7_Django\News-portal\venv\lib\site-packages\django\template\loaders\base.py", line 28, in get_template
    return Template(
  File "C:\Users\TASMaster\projects\Skillfactory\7_Django\News-portal\venv\lib\site-packages\django\template\base.py", line 154, in __init__
    self.nodelist = self.compile_nodelist()
  File "C:\Users\TASMaster\projects\Skillfactory\7_Django\News-portal\venv\lib\site-packages\django\template\base.py", line 200, in compile_nodelist
    return parser.parse()
  File "C:\Users\TASMaster\projects\Skillfactory\7_Django\News-portal\venv\lib\site-packages\django\template\base.py", line 513, in parse
    raise self.error(token, e)
  File "C:\Users\TASMaster\projects\Skillfactory\7_Django\News-portal\venv\lib\site-packages\django\template\base.py", line 511, in parse
    compiled_result = compile_func(self, token)
  File "C:\Users\TASMaster\projects\Skillfactory\7_Django\News-portal\venv\lib\site-packages\django\template\loader_tags.py", line 293, in do_extends
    nodelist = parser.parse()
  File "C:\Users\TASMaster\projects\Skillfactory\7_Django\News-portal\venv\lib\site-packages\django\template\base.py", line 513, in parse
    raise self.error(token, e)
  File "C:\Users\TASMaster\projects\Skillfactory\7_Django\News-portal\venv\lib\site-packages\django\template\base.py", line 511, in parse
    compiled_result = compile_func(self, token)
  File "C:\Users\TASMaster\projects\Skillfactory\7_Django\News-portal\venv\lib\site-packages\django\template\loader_tags.py", line 232, in do_block
    nodelist = parser.parse(("endblock",))
  File "C:\Users\TASMaster\projects\Skillfactory\7_Django\News-portal\venv\lib\site-packages\django\template\base.py", line 513, in parse
    raise self.error(token, e)
  File "C:\Users\TASMaster\projects\Skillfactory\7_Django\News-portal\venv\lib\site-packages\django\template\base.py", line 511, in parse
    compiled_result = compile_func(self, token)
  File "C:\Users\TASMaster\projects\Skillfactory\7_Django\News-portal\venv\lib\site-packages\django\template\defaulttags.py", line 954, in do_if
    nodelist = parser.parse(("elif", "else", "endif"))
  File "C:\Users\TASMaster\projects\Skillfactory\7_Django\News-portal\venv\lib\site-packages\django\template\base.py", line 507, in parse
    self.invalid_block_tag(token, command, parse_until)
  File "C:\Users\TASMaster\projects\Skillfactory\7_Django\News-portal\venv\lib\site-packages\django\template\base.py", line 558, in invalid_block_tag
    raise self.error(
django.template.exceptions.TemplateSyntaxError: Invalid block tag on line 29: 'trans', expected 'elif', 'else' or 'endif'. Did you forget to register or load this tag?
2023-04-09 18:39:23,811 ERROR "GET /news/ HTTP/1.1" 500 249297 C:\Users\TASMaster\projects\Skillfactory\7_Django\News-portal\venv\lib\site-packages\django\core\servers\basehttp.py None
2023-04-09 18:41:50,084 ERROR Internal Server Error: /news/ C:\Users\TASMaster\projects\Skillfactory\7_Django\News-portal\venv\lib\site-packages\django\utils\log.py (<class 'django.template.exceptions.TemplateSyntaxError'>, TemplateSyntaxError("<ExtendsNode: extends 'flatpages/default.html'> must be the first tag in the template."), <traceback object at 0x0000022936F83080>)
Traceback (most recent call last):
  File "C:\Users\TASMaster\projects\Skillfactory\7_Django\News-portal\venv\lib\site-packages\django\core\handlers\exception.py", line 55, in inner
    response = get_response(request)
  File "C:\Users\TASMaster\projects\Skillfactory\7_Django\News-portal\venv\lib\site-packages\django\core\handlers\base.py", line 220, in _get_response
    response = response.render()
  File "C:\Users\TASMaster\projects\Skillfactory\7_Django\News-portal\venv\lib\site-packages\django\template\response.py", line 114, in render
    self.content = self.rendered_content
  File "C:\Users\TASMaster\projects\Skillfactory\7_Django\News-portal\venv\lib\site-packages\django\template\response.py", line 90, in rendered_content
    template = self.resolve_template(self.template_name)
  File "C:\Users\TASMaster\projects\Skillfactory\7_Django\News-portal\venv\lib\site-packages\django\template\response.py", line 72, in resolve_template
    return select_template(template, using=self.using)
  File "C:\Users\TASMaster\projects\Skillfactory\7_Django\News-portal\venv\lib\site-packages\django\template\loader.py", line 42, in select_template
    return engine.get_template(template_name)
  File "C:\Users\TASMaster\projects\Skillfactory\7_Django\News-portal\venv\lib\site-packages\django\template\backends\django.py", line 34, in get_template
    return Template(self.engine.get_template(template_name), self)
  File "C:\Users\TASMaster\projects\Skillfactory\7_Django\News-portal\venv\lib\site-packages\django\template\engine.py", line 175, in get_template
    template, origin = self.find_template(template_name)
  File "C:\Users\TASMaster\projects\Skillfactory\7_Django\News-portal\venv\lib\site-packages\django\template\engine.py", line 157, in find_template
    template = loader.get_template(name, skip=skip)
  File "C:\Users\TASMaster\projects\Skillfactory\7_Django\News-portal\venv\lib\site-packages\django\template\loaders\cached.py", line 57, in get_template
    template = super().get_template(template_name, skip)
  File "C:\Users\TASMaster\projects\Skillfactory\7_Django\News-portal\venv\lib\site-packages\django\template\loaders\base.py", line 28, in get_template
    return Template(
  File "C:\Users\TASMaster\projects\Skillfactory\7_Django\News-portal\venv\lib\site-packages\django\template\base.py", line 154, in __init__
    self.nodelist = self.compile_nodelist()
  File "C:\Users\TASMaster\projects\Skillfactory\7_Django\News-portal\venv\lib\site-packages\django\template\base.py", line 200, in compile_nodelist
    return parser.parse()
  File "C:\Users\TASMaster\projects\Skillfactory\7_Django\News-portal\venv\lib\site-packages\django\template\base.py", line 514, in parse
    self.extend_nodelist(nodelist, compiled_result, token)
  File "C:\Users\TASMaster\projects\Skillfactory\7_Django\News-portal\venv\lib\site-packages\django\template\base.py", line 531, in extend_nodelist
    raise self.error(
django.template.exceptions.TemplateSyntaxError: <ExtendsNode: extends 'flatpages/default.html'> must be the first tag in the template.
2023-04-09 18:41:50,091 ERROR "GET /news/ HTTP/1.1" 500 156567 C:\Users\TASMaster\projects\Skillfactory\7_Django\News-portal\venv\lib\site-packages\django\core\servers\basehttp.py None
2023-04-09 18:43:52,286 ERROR Internal Server Error: /news/ C:\Users\TASMaster\projects\Skillfactory\7_Django\News-portal\venv\lib\site-packages\django\utils\log.py (<class 'django.template.exceptions.TemplateSyntaxError'>, TemplateSyntaxError("Invalid block tag on line 29: 'trans', expected 'elif', 'else' or 'endif'. Did you forget to register or load this tag?"), <traceback object at 0x000001DA85D83E00>)
Traceback (most recent call last):
  File "C:\Users\TASMaster\projects\Skillfactory\7_Django\News-portal\venv\lib\site-packages\django\template\base.py", line 505, in parse
    compile_func = self.tags[command]
KeyError: 'trans'

During handling of the above exception, another exception occurred:

Traceback (most recent call last):
  File "C:\Users\TASMaster\projects\Skillfactory\7_Django\News-portal\venv\lib\site-packages\django\core\handlers\exception.py", line 55, in inner
    response = get_response(request)
  File "C:\Users\TASMaster\projects\Skillfactory\7_Django\News-portal\venv\lib\site-packages\django\core\handlers\base.py", line 220, in _get_response
    response = response.render()
  File "C:\Users\TASMaster\projects\Skillfactory\7_Django\News-portal\venv\lib\site-packages\django\template\response.py", line 114, in render
    self.content = self.rendered_content
  File "C:\Users\TASMaster\projects\Skillfactory\7_Django\News-portal\venv\lib\site-packages\django\template\response.py", line 90, in rendered_content
    template = self.resolve_template(self.template_name)
  File "C:\Users\TASMaster\projects\Skillfactory\7_Django\News-portal\venv\lib\site-packages\django\template\response.py", line 72, in resolve_template
    return select_template(template, using=self.using)
  File "C:\Users\TASMaster\projects\Skillfactory\7_Django\News-portal\venv\lib\site-packages\django\template\loader.py", line 42, in select_template
    return engine.get_template(template_name)
  File "C:\Users\TASMaster\projects\Skillfactory\7_Django\News-portal\venv\lib\site-packages\django\template\backends\django.py", line 34, in get_template
    return Template(self.engine.get_template(template_name), self)
  File "C:\Users\TASMaster\projects\Skillfactory\7_Django\News-portal\venv\lib\site-packages\django\template\engine.py", line 175, in get_template
    template, origin = self.find_template(template_name)
  File "C:\Users\TASMaster\projects\Skillfactory\7_Django\News-portal\venv\lib\site-packages\django\template\engine.py", line 157, in find_template
    template = loader.get_template(name, skip=skip)
  File "C:\Users\TASMaster\projects\Skillfactory\7_Django\News-portal\venv\lib\site-packages\django\template\loaders\cached.py", line 57, in get_template
    template = super().get_template(template_name, skip)
  File "C:\Users\TASMaster\projects\Skillfactory\7_Django\News-portal\venv\lib\site-packages\django\template\loaders\base.py", line 28, in get_template
    return Template(
  File "C:\Users\TASMaster\projects\Skillfactory\7_Django\News-portal\venv\lib\site-packages\django\template\base.py", line 154, in __init__
    self.nodelist = self.compile_nodelist()
  File "C:\Users\TASMaster\projects\Skillfactory\7_Django\News-portal\venv\lib\site-packages\django\template\base.py", line 200, in compile_nodelist
    return parser.parse()
  File "C:\Users\TASMaster\projects\Skillfactory\7_Django\News-portal\venv\lib\site-packages\django\template\base.py", line 513, in parse
    raise self.error(token, e)
  File "C:\Users\TASMaster\projects\Skillfactory\7_Django\News-portal\venv\lib\site-packages\django\template\base.py", line 511, in parse
    compiled_result = compile_func(self, token)
  File "C:\Users\TASMaster\projects\Skillfactory\7_Django\News-portal\venv\lib\site-packages\django\template\loader_tags.py", line 293, in do_extends
    nodelist = parser.parse()
  File "C:\Users\TASMaster\projects\Skillfactory\7_Django\News-portal\venv\lib\site-packages\django\template\base.py", line 513, in parse
    raise self.error(token, e)
  File "C:\Users\TASMaster\projects\Skillfactory\7_Django\News-portal\venv\lib\site-packages\django\template\base.py", line 511, in parse
    compiled_result = compile_func(self, token)
  File "C:\Users\TASMaster\projects\Skillfactory\7_Django\News-portal\venv\lib\site-packages\django\template\loader_tags.py", line 232, in do_block
    nodelist = parser.parse(("endblock",))
  File "C:\Users\TASMaster\projects\Skillfactory\7_Django\News-portal\venv\lib\site-packages\django\template\base.py", line 513, in parse
    raise self.error(token, e)
  File "C:\Users\TASMaster\projects\Skillfactory\7_Django\News-portal\venv\lib\site-packages\django\template\base.py", line 511, in parse
    compiled_result = compile_func(self, token)
  File "C:\Users\TASMaster\projects\Skillfactory\7_Django\News-portal\venv\lib\site-packages\django\template\defaulttags.py", line 954, in do_if
    nodelist = parser.parse(("elif", "else", "endif"))
  File "C:\Users\TASMaster\projects\Skillfactory\7_Django\News-portal\venv\lib\site-packages\django\template\base.py", line 507, in parse
    self.invalid_block_tag(token, command, parse_until)
  File "C:\Users\TASMaster\projects\Skillfactory\7_Django\News-portal\venv\lib\site-packages\django\template\base.py", line 558, in invalid_block_tag
    raise self.error(
django.template.exceptions.TemplateSyntaxError: Invalid block tag on line 29: 'trans', expected 'elif', 'else' or 'endif'. Did you forget to register or load this tag?
2023-04-09 18:43:52,296 ERROR "GET /news/ HTTP/1.1" 500 249297 C:\Users\TASMaster\projects\Skillfactory\7_Django\News-portal\venv\lib\site-packages\django\core\servers\basehttp.py None
2023-04-09 18:43:52,558 ERROR Internal Server Error: /news/ C:\Users\TASMaster\projects\Skillfactory\7_Django\News-portal\venv\lib\site-packages\django\utils\log.py (<class 'django.template.exceptions.TemplateSyntaxError'>, TemplateSyntaxError("Invalid block tag on line 29: 'trans', expected 'elif', 'else' or 'endif'. Did you forget to register or load this tag?"), <traceback object at 0x000001DA85DC8A40>)
Traceback (most recent call last):
  File "C:\Users\TASMaster\projects\Skillfactory\7_Django\News-portal\venv\lib\site-packages\django\template\base.py", line 505, in parse
    compile_func = self.tags[command]
KeyError: 'trans'

During handling of the above exception, another exception occurred:

Traceback (most recent call last):
  File "C:\Users\TASMaster\projects\Skillfactory\7_Django\News-portal\venv\lib\site-packages\django\core\handlers\exception.py", line 55, in inner
    response = get_response(request)
  File "C:\Users\TASMaster\projects\Skillfactory\7_Django\News-portal\venv\lib\site-packages\django\core\handlers\base.py", line 220, in _get_response
    response = response.render()
  File "C:\Users\TASMaster\projects\Skillfactory\7_Django\News-portal\venv\lib\site-packages\django\template\response.py", line 114, in render
    self.content = self.rendered_content
  File "C:\Users\TASMaster\projects\Skillfactory\7_Django\News-portal\venv\lib\site-packages\django\template\response.py", line 90, in rendered_content
    template = self.resolve_template(self.template_name)
  File "C:\Users\TASMaster\projects\Skillfactory\7_Django\News-portal\venv\lib\site-packages\django\template\response.py", line 72, in resolve_template
    return select_template(template, using=self.using)
  File "C:\Users\TASMaster\projects\Skillfactory\7_Django\News-portal\venv\lib\site-packages\django\template\loader.py", line 42, in select_template
    return engine.get_template(template_name)
  File "C:\Users\TASMaster\projects\Skillfactory\7_Django\News-portal\venv\lib\site-packages\django\template\backends\django.py", line 34, in get_template
    return Template(self.engine.get_template(template_name), self)
  File "C:\Users\TASMaster\projects\Skillfactory\7_Django\News-portal\venv\lib\site-packages\django\template\engine.py", line 175, in get_template
    template, origin = self.find_template(template_name)
  File "C:\Users\TASMaster\projects\Skillfactory\7_Django\News-portal\venv\lib\site-packages\django\template\engine.py", line 157, in find_template
    template = loader.get_template(name, skip=skip)
  File "C:\Users\TASMaster\projects\Skillfactory\7_Django\News-portal\venv\lib\site-packages\django\template\loaders\cached.py", line 57, in get_template
    template = super().get_template(template_name, skip)
  File "C:\Users\TASMaster\projects\Skillfactory\7_Django\News-portal\venv\lib\site-packages\django\template\loaders\base.py", line 28, in get_template
    return Template(
  File "C:\Users\TASMaster\projects\Skillfactory\7_Django\News-portal\venv\lib\site-packages\django\template\base.py", line 154, in __init__
    self.nodelist = self.compile_nodelist()
  File "C:\Users\TASMaster\projects\Skillfactory\7_Django\News-portal\venv\lib\site-packages\django\template\base.py", line 200, in compile_nodelist
    return parser.parse()
  File "C:\Users\TASMaster\projects\Skillfactory\7_Django\News-portal\venv\lib\site-packages\django\template\base.py", line 513, in parse
    raise self.error(token, e)
  File "C:\Users\TASMaster\projects\Skillfactory\7_Django\News-portal\venv\lib\site-packages\django\template\base.py", line 511, in parse
    compiled_result = compile_func(self, token)
  File "C:\Users\TASMaster\projects\Skillfactory\7_Django\News-portal\venv\lib\site-packages\django\template\loader_tags.py", line 293, in do_extends
    nodelist = parser.parse()
  File "C:\Users\TASMaster\projects\Skillfactory\7_Django\News-portal\venv\lib\site-packages\django\template\base.py", line 513, in parse
    raise self.error(token, e)
  File "C:\Users\TASMaster\projects\Skillfactory\7_Django\News-portal\venv\lib\site-packages\django\template\base.py", line 511, in parse
    compiled_result = compile_func(self, token)
  File "C:\Users\TASMaster\projects\Skillfactory\7_Django\News-portal\venv\lib\site-packages\django\template\loader_tags.py", line 232, in do_block
    nodelist = parser.parse(("endblock",))
  File "C:\Users\TASMaster\projects\Skillfactory\7_Django\News-portal\venv\lib\site-packages\django\template\base.py", line 513, in parse
    raise self.error(token, e)
  File "C:\Users\TASMaster\projects\Skillfactory\7_Django\News-portal\venv\lib\site-packages\django\template\base.py", line 511, in parse
    compiled_result = compile_func(self, token)
  File "C:\Users\TASMaster\projects\Skillfactory\7_Django\News-portal\venv\lib\site-packages\django\template\defaulttags.py", line 954, in do_if
    nodelist = parser.parse(("elif", "else", "endif"))
  File "C:\Users\TASMaster\projects\Skillfactory\7_Django\News-portal\venv\lib\site-packages\django\template\base.py", line 507, in parse
    self.invalid_block_tag(token, command, parse_until)
  File "C:\Users\TASMaster\projects\Skillfactory\7_Django\News-portal\venv\lib\site-packages\django\template\base.py", line 558, in invalid_block_tag
    raise self.error(
django.template.exceptions.TemplateSyntaxError: Invalid block tag on line 29: 'trans', expected 'elif', 'else' or 'endif'. Did you forget to register or load this tag?
2023-04-09 18:43:52,567 ERROR "GET /news/ HTTP/1.1" 500 249297 C:\Users\TASMaster\projects\Skillfactory\7_Django\News-portal\venv\lib\site-packages\django\core\servers\basehttp.py None
2023-04-09 18:43:53,405 ERROR Internal Server Error: /news/ C:\Users\TASMaster\projects\Skillfactory\7_Django\News-portal\venv\lib\site-packages\django\utils\log.py (<class 'django.template.exceptions.TemplateSyntaxError'>, TemplateSyntaxError("Invalid block tag on line 29: 'trans', expected 'elif', 'else' or 'endif'. Did you forget to register or load this tag?"), <traceback object at 0x000001DA8609F8C0>)
Traceback (most recent call last):
  File "C:\Users\TASMaster\projects\Skillfactory\7_Django\News-portal\venv\lib\site-packages\django\template\base.py", line 505, in parse
    compile_func = self.tags[command]
KeyError: 'trans'

During handling of the above exception, another exception occurred:

Traceback (most recent call last):
  File "C:\Users\TASMaster\projects\Skillfactory\7_Django\News-portal\venv\lib\site-packages\django\core\handlers\exception.py", line 55, in inner
    response = get_response(request)
  File "C:\Users\TASMaster\projects\Skillfactory\7_Django\News-portal\venv\lib\site-packages\django\core\handlers\base.py", line 220, in _get_response
    response = response.render()
  File "C:\Users\TASMaster\projects\Skillfactory\7_Django\News-portal\venv\lib\site-packages\django\template\response.py", line 114, in render
    self.content = self.rendered_content
  File "C:\Users\TASMaster\projects\Skillfactory\7_Django\News-portal\venv\lib\site-packages\django\template\response.py", line 90, in rendered_content
    template = self.resolve_template(self.template_name)
  File "C:\Users\TASMaster\projects\Skillfactory\7_Django\News-portal\venv\lib\site-packages\django\template\response.py", line 72, in resolve_template
    return select_template(template, using=self.using)
  File "C:\Users\TASMaster\projects\Skillfactory\7_Django\News-portal\venv\lib\site-packages\django\template\loader.py", line 42, in select_template
    return engine.get_template(template_name)
  File "C:\Users\TASMaster\projects\Skillfactory\7_Django\News-portal\venv\lib\site-packages\django\template\backends\django.py", line 34, in get_template
    return Template(self.engine.get_template(template_name), self)
  File "C:\Users\TASMaster\projects\Skillfactory\7_Django\News-portal\venv\lib\site-packages\django\template\engine.py", line 175, in get_template
    template, origin = self.find_template(template_name)
  File "C:\Users\TASMaster\projects\Skillfactory\7_Django\News-portal\venv\lib\site-packages\django\template\engine.py", line 157, in find_template
    template = loader.get_template(name, skip=skip)
  File "C:\Users\TASMaster\projects\Skillfactory\7_Django\News-portal\venv\lib\site-packages\django\template\loaders\cached.py", line 57, in get_template
    template = super().get_template(template_name, skip)
  File "C:\Users\TASMaster\projects\Skillfactory\7_Django\News-portal\venv\lib\site-packages\django\template\loaders\base.py", line 28, in get_template
    return Template(
  File "C:\Users\TASMaster\projects\Skillfactory\7_Django\News-portal\venv\lib\site-packages\django\template\base.py", line 154, in __init__
    self.nodelist = self.compile_nodelist()
  File "C:\Users\TASMaster\projects\Skillfactory\7_Django\News-portal\venv\lib\site-packages\django\template\base.py", line 200, in compile_nodelist
    return parser.parse()
  File "C:\Users\TASMaster\projects\Skillfactory\7_Django\News-portal\venv\lib\site-packages\django\template\base.py", line 513, in parse
    raise self.error(token, e)
  File "C:\Users\TASMaster\projects\Skillfactory\7_Django\News-portal\venv\lib\site-packages\django\template\base.py", line 511, in parse
    compiled_result = compile_func(self, token)
  File "C:\Users\TASMaster\projects\Skillfactory\7_Django\News-portal\venv\lib\site-packages\django\template\loader_tags.py", line 293, in do_extends
    nodelist = parser.parse()
  File "C:\Users\TASMaster\projects\Skillfactory\7_Django\News-portal\venv\lib\site-packages\django\template\base.py", line 513, in parse
    raise self.error(token, e)
  File "C:\Users\TASMaster\projects\Skillfactory\7_Django\News-portal\venv\lib\site-packages\django\template\base.py", line 511, in parse
    compiled_result = compile_func(self, token)
  File "C:\Users\TASMaster\projects\Skillfactory\7_Django\News-portal\venv\lib\site-packages\django\template\loader_tags.py", line 232, in do_block
    nodelist = parser.parse(("endblock",))
  File "C:\Users\TASMaster\projects\Skillfactory\7_Django\News-portal\venv\lib\site-packages\django\template\base.py", line 513, in parse
    raise self.error(token, e)
  File "C:\Users\TASMaster\projects\Skillfactory\7_Django\News-portal\venv\lib\site-packages\django\template\base.py", line 511, in parse
    compiled_result = compile_func(self, token)
  File "C:\Users\TASMaster\projects\Skillfactory\7_Django\News-portal\venv\lib\site-packages\django\template\defaulttags.py", line 954, in do_if
    nodelist = parser.parse(("elif", "else", "endif"))
  File "C:\Users\TASMaster\projects\Skillfactory\7_Django\News-portal\venv\lib\site-packages\django\template\base.py", line 507, in parse
    self.invalid_block_tag(token, command, parse_until)
  File "C:\Users\TASMaster\projects\Skillfactory\7_Django\News-portal\venv\lib\site-packages\django\template\base.py", line 558, in invalid_block_tag
    raise self.error(
django.template.exceptions.TemplateSyntaxError: Invalid block tag on line 29: 'trans', expected 'elif', 'else' or 'endif'. Did you forget to register or load this tag?
2023-04-09 18:43:53,413 ERROR "GET /news/ HTTP/1.1" 500 249297 C:\Users\TASMaster\projects\Skillfactory\7_Django\News-portal\venv\lib\site-packages\django\core\servers\basehttp.py None
2023-04-09 19:14:26,995 ERROR Internal Server Error: /news/4 C:\Users\TASMaster\projects\Skillfactory\7_Django\News-portal\venv\lib\site-packages\django\utils\log.py (<class 'django.template.exceptions.TemplateSyntaxError'>, TemplateSyntaxError("Invalid block tag on line 14: 'trans', expected 'elif', 'else' or 'endif'. Did you forget to register or load this tag?"), <traceback object at 0x0000012CA0EB7D80>)
Traceback (most recent call last):
  File "C:\Users\TASMaster\projects\Skillfactory\7_Django\News-portal\venv\lib\site-packages\django\template\base.py", line 505, in parse
    compile_func = self.tags[command]
KeyError: 'trans'

During handling of the above exception, another exception occurred:

Traceback (most recent call last):
  File "C:\Users\TASMaster\projects\Skillfactory\7_Django\News-portal\venv\lib\site-packages\django\core\handlers\exception.py", line 55, in inner
    response = get_response(request)
  File "C:\Users\TASMaster\projects\Skillfactory\7_Django\News-portal\venv\lib\site-packages\django\core\handlers\base.py", line 220, in _get_response
    response = response.render()
  File "C:\Users\TASMaster\projects\Skillfactory\7_Django\News-portal\venv\lib\site-packages\django\template\response.py", line 114, in render
    self.content = self.rendered_content
  File "C:\Users\TASMaster\projects\Skillfactory\7_Django\News-portal\venv\lib\site-packages\django\template\response.py", line 90, in rendered_content
    template = self.resolve_template(self.template_name)
  File "C:\Users\TASMaster\projects\Skillfactory\7_Django\News-portal\venv\lib\site-packages\django\template\response.py", line 72, in resolve_template
    return select_template(template, using=self.using)
  File "C:\Users\TASMaster\projects\Skillfactory\7_Django\News-portal\venv\lib\site-packages\django\template\loader.py", line 42, in select_template
    return engine.get_template(template_name)
  File "C:\Users\TASMaster\projects\Skillfactory\7_Django\News-portal\venv\lib\site-packages\django\template\backends\django.py", line 34, in get_template
    return Template(self.engine.get_template(template_name), self)
  File "C:\Users\TASMaster\projects\Skillfactory\7_Django\News-portal\venv\lib\site-packages\django\template\engine.py", line 175, in get_template
    template, origin = self.find_template(template_name)
  File "C:\Users\TASMaster\projects\Skillfactory\7_Django\News-portal\venv\lib\site-packages\django\template\engine.py", line 157, in find_template
    template = loader.get_template(name, skip=skip)
  File "C:\Users\TASMaster\projects\Skillfactory\7_Django\News-portal\venv\lib\site-packages\django\template\loaders\cached.py", line 57, in get_template
    template = super().get_template(template_name, skip)
  File "C:\Users\TASMaster\projects\Skillfactory\7_Django\News-portal\venv\lib\site-packages\django\template\loaders\base.py", line 28, in get_template
    return Template(
  File "C:\Users\TASMaster\projects\Skillfactory\7_Django\News-portal\venv\lib\site-packages\django\template\base.py", line 154, in __init__
    self.nodelist = self.compile_nodelist()
  File "C:\Users\TASMaster\projects\Skillfactory\7_Django\News-portal\venv\lib\site-packages\django\template\base.py", line 200, in compile_nodelist
    return parser.parse()
  File "C:\Users\TASMaster\projects\Skillfactory\7_Django\News-portal\venv\lib\site-packages\django\template\base.py", line 513, in parse
    raise self.error(token, e)
  File "C:\Users\TASMaster\projects\Skillfactory\7_Django\News-portal\venv\lib\site-packages\django\template\base.py", line 511, in parse
    compiled_result = compile_func(self, token)
  File "C:\Users\TASMaster\projects\Skillfactory\7_Django\News-portal\venv\lib\site-packages\django\template\loader_tags.py", line 293, in do_extends
    nodelist = parser.parse()
  File "C:\Users\TASMaster\projects\Skillfactory\7_Django\News-portal\venv\lib\site-packages\django\template\base.py", line 513, in parse
    raise self.error(token, e)
  File "C:\Users\TASMaster\projects\Skillfactory\7_Django\News-portal\venv\lib\site-packages\django\template\base.py", line 511, in parse
    compiled_result = compile_func(self, token)
  File "C:\Users\TASMaster\projects\Skillfactory\7_Django\News-portal\venv\lib\site-packages\django\template\loader_tags.py", line 232, in do_block
    nodelist = parser.parse(("endblock",))
  File "C:\Users\TASMaster\projects\Skillfactory\7_Django\News-portal\venv\lib\site-packages\django\template\base.py", line 513, in parse
    raise self.error(token, e)
  File "C:\Users\TASMaster\projects\Skillfactory\7_Django\News-portal\venv\lib\site-packages\django\template\base.py", line 511, in parse
    compiled_result = compile_func(self, token)
  File "C:\Users\TASMaster\projects\Skillfactory\7_Django\News-portal\venv\lib\site-packages\django\template\defaulttags.py", line 954, in do_if
    nodelist = parser.parse(("elif", "else", "endif"))
  File "C:\Users\TASMaster\projects\Skillfactory\7_Django\News-portal\venv\lib\site-packages\django\template\base.py", line 507, in parse
    self.invalid_block_tag(token, command, parse_until)
  File "C:\Users\TASMaster\projects\Skillfactory\7_Django\News-portal\venv\lib\site-packages\django\template\base.py", line 558, in invalid_block_tag
    raise self.error(
django.template.exceptions.TemplateSyntaxError: Invalid block tag on line 14: 'trans', expected 'elif', 'else' or 'endif'. Did you forget to register or load this tag?
2023-04-09 19:14:27,006 ERROR "GET /news/4 HTTP/1.1" 500 196728 C:\Users\TASMaster\projects\Skillfactory\7_Django\News-portal\venv\lib\site-packages\django\core\servers\basehttp.py None
2023-04-09 19:26:29,345 ERROR Internal Server Error: /news/ C:\Users\TASMaster\projects\Skillfactory\7_Django\News-portal\venv\lib\site-packages\django\utils\log.py (<class 'django.template.exceptions.TemplateSyntaxError'>, TemplateSyntaxError("Invalid block tag on line 13: 'get_current_language'. Did you forget to register or load this tag?"), <traceback object at 0x000002135C6EA7C0>)
Traceback (most recent call last):
  File "C:\Users\TASMaster\projects\Skillfactory\7_Django\News-portal\venv\lib\site-packages\django\template\base.py", line 505, in parse
    compile_func = self.tags[command]
KeyError: 'get_current_language'

During handling of the above exception, another exception occurred:

Traceback (most recent call last):
  File "C:\Users\TASMaster\projects\Skillfactory\7_Django\News-portal\venv\lib\site-packages\django\core\handlers\exception.py", line 55, in inner
    response = get_response(request)
  File "C:\Users\TASMaster\projects\Skillfactory\7_Django\News-portal\venv\lib\site-packages\django\core\handlers\base.py", line 220, in _get_response
    response = response.render()
  File "C:\Users\TASMaster\projects\Skillfactory\7_Django\News-portal\venv\lib\site-packages\django\template\response.py", line 114, in render
    self.content = self.rendered_content
  File "C:\Users\TASMaster\projects\Skillfactory\7_Django\News-portal\venv\lib\site-packages\django\template\response.py", line 92, in rendered_content
    return template.render(context, self._request)
  File "C:\Users\TASMaster\projects\Skillfactory\7_Django\News-portal\venv\lib\site-packages\django\template\backends\django.py", line 62, in render
    return self.template.render(context)
  File "C:\Users\TASMaster\projects\Skillfactory\7_Django\News-portal\venv\lib\site-packages\django\template\base.py", line 175, in render
    return self._render(context)
  File "C:\Users\TASMaster\projects\Skillfactory\7_Django\News-portal\venv\lib\site-packages\django\template\base.py", line 167, in _render
    return self.nodelist.render(context)
  File "C:\Users\TASMaster\projects\Skillfactory\7_Django\News-portal\venv\lib\site-packages\django\template\base.py", line 1005, in render
    return SafeString("".join([node.render_annotated(context) for node in self]))
  File "C:\Users\TASMaster\projects\Skillfactory\7_Django\News-portal\venv\lib\site-packages\django\template\base.py", line 1005, in <listcomp>
    return SafeString("".join([node.render_annotated(context) for node in self]))
  File "C:\Users\TASMaster\projects\Skillfactory\7_Django\News-portal\venv\lib\site-packages\django\template\base.py", line 966, in render_annotated
    return self.render(context)
  File "C:\Users\TASMaster\projects\Skillfactory\7_Django\News-portal\venv\lib\site-packages\django\template\loader_tags.py", line 132, in render
    compiled_parent = self.get_parent(context)
  File "C:\Users\TASMaster\projects\Skillfactory\7_Django\News-portal\venv\lib\site-packages\django\template\loader_tags.py", line 129, in get_parent
    return self.find_template(parent, context)
  File "C:\Users\TASMaster\projects\Skillfactory\7_Django\News-portal\venv\lib\site-packages\django\template\loader_tags.py", line 107, in find_template
    template, origin = context.template.engine.find_template(
  File "C:\Users\TASMaster\projects\Skillfactory\7_Django\News-portal\venv\lib\site-packages\django\template\engine.py", line 157, in find_template
    template = loader.get_template(name, skip=skip)
  File "C:\Users\TASMaster\projects\Skillfactory\7_Django\News-portal\venv\lib\site-packages\django\template\loaders\cached.py", line 57, in get_template
    template = super().get_template(template_name, skip)
  File "C:\Users\TASMaster\projects\Skillfactory\7_Django\News-portal\venv\lib\site-packages\django\template\loaders\base.py", line 28, in get_template
    return Template(
  File "C:\Users\TASMaster\projects\Skillfactory\7_Django\News-portal\venv\lib\site-packages\django\template\base.py", line 154, in __init__
    self.nodelist = self.compile_nodelist()
  File "C:\Users\TASMaster\projects\Skillfactory\7_Django\News-portal\venv\lib\site-packages\django\template\base.py", line 200, in compile_nodelist
    return parser.parse()
  File "C:\Users\TASMaster\projects\Skillfactory\7_Django\News-portal\venv\lib\site-packages\django\template\base.py", line 507, in parse
    self.invalid_block_tag(token, command, parse_until)
  File "C:\Users\TASMaster\projects\Skillfactory\7_Django\News-portal\venv\lib\site-packages\django\template\base.py", line 568, in invalid_block_tag
    raise self.error(
django.template.exceptions.TemplateSyntaxError: Invalid block tag on line 13: 'get_current_language'. Did you forget to register or load this tag?
2023-04-09 19:26:29,368 ERROR "GET /news/ HTTP/1.1" 500 199722 C:\Users\TASMaster\projects\Skillfactory\7_Django\News-portal\venv\lib\site-packages\django\core\servers\basehttp.py None
2023-04-10 18:26:02,988 ERROR Internal Server Error: /news/4 C:\Users\TASMaster\projects\Skillfactory\7_Django\News-portal\venv\lib\site-packages\django\utils\log.py (<class 'django.template.exceptions.TemplateSyntaxError'>, TemplateSyntaxError("Invalid filter: 'trans'"), <traceback object at 0x000002C2BEC27180>)
Traceback (most recent call last):
  File "C:\Users\TASMaster\projects\Skillfactory\7_Django\News-portal\venv\lib\site-packages\django\core\handlers\exception.py", line 55, in inner
    response = get_response(request)
  File "C:\Users\TASMaster\projects\Skillfactory\7_Django\News-portal\venv\lib\site-packages\django\core\handlers\base.py", line 220, in _get_response
    response = response.render()
  File "C:\Users\TASMaster\projects\Skillfactory\7_Django\News-portal\venv\lib\site-packages\django\template\response.py", line 114, in render
    self.content = self.rendered_content
  File "C:\Users\TASMaster\projects\Skillfactory\7_Django\News-portal\venv\lib\site-packages\django\template\response.py", line 90, in rendered_content
    template = self.resolve_template(self.template_name)
  File "C:\Users\TASMaster\projects\Skillfactory\7_Django\News-portal\venv\lib\site-packages\django\template\response.py", line 72, in resolve_template
    return select_template(template, using=self.using)
  File "C:\Users\TASMaster\projects\Skillfactory\7_Django\News-portal\venv\lib\site-packages\django\template\loader.py", line 42, in select_template
    return engine.get_template(template_name)
  File "C:\Users\TASMaster\projects\Skillfactory\7_Django\News-portal\venv\lib\site-packages\django\template\backends\django.py", line 34, in get_template
    return Template(self.engine.get_template(template_name), self)
  File "C:\Users\TASMaster\projects\Skillfactory\7_Django\News-portal\venv\lib\site-packages\django\template\engine.py", line 175, in get_template
    template, origin = self.find_template(template_name)
  File "C:\Users\TASMaster\projects\Skillfactory\7_Django\News-portal\venv\lib\site-packages\django\template\engine.py", line 157, in find_template
    template = loader.get_template(name, skip=skip)
  File "C:\Users\TASMaster\projects\Skillfactory\7_Django\News-portal\venv\lib\site-packages\django\template\loaders\cached.py", line 57, in get_template
    template = super().get_template(template_name, skip)
  File "C:\Users\TASMaster\projects\Skillfactory\7_Django\News-portal\venv\lib\site-packages\django\template\loaders\base.py", line 28, in get_template
    return Template(
  File "C:\Users\TASMaster\projects\Skillfactory\7_Django\News-portal\venv\lib\site-packages\django\template\base.py", line 154, in __init__
    self.nodelist = self.compile_nodelist()
  File "C:\Users\TASMaster\projects\Skillfactory\7_Django\News-portal\venv\lib\site-packages\django\template\base.py", line 200, in compile_nodelist
    return parser.parse()
  File "C:\Users\TASMaster\projects\Skillfactory\7_Django\News-portal\venv\lib\site-packages\django\template\base.py", line 513, in parse
    raise self.error(token, e)
  File "C:\Users\TASMaster\projects\Skillfactory\7_Django\News-portal\venv\lib\site-packages\django\template\base.py", line 511, in parse
    compiled_result = compile_func(self, token)
  File "C:\Users\TASMaster\projects\Skillfactory\7_Django\News-portal\venv\lib\site-packages\django\template\loader_tags.py", line 293, in do_extends
    nodelist = parser.parse()
  File "C:\Users\TASMaster\projects\Skillfactory\7_Django\News-portal\venv\lib\site-packages\django\template\base.py", line 513, in parse
    raise self.error(token, e)
  File "C:\Users\TASMaster\projects\Skillfactory\7_Django\News-portal\venv\lib\site-packages\django\template\base.py", line 511, in parse
    compiled_result = compile_func(self, token)
  File "C:\Users\TASMaster\projects\Skillfactory\7_Django\News-portal\venv\lib\site-packages\django\template\loader_tags.py", line 232, in do_block
    nodelist = parser.parse(("endblock",))
  File "C:\Users\TASMaster\projects\Skillfactory\7_Django\News-portal\venv\lib\site-packages\django\template\base.py", line 513, in parse
    raise self.error(token, e)
  File "C:\Users\TASMaster\projects\Skillfactory\7_Django\News-portal\venv\lib\site-packages\django\template\base.py", line 511, in parse
    compiled_result = compile_func(self, token)
  File "C:\Users\TASMaster\projects\Skillfactory\7_Django\News-portal\venv\lib\site-packages\django\template\defaulttags.py", line 954, in do_if
    nodelist = parser.parse(("elif", "else", "endif"))
  File "C:\Users\TASMaster\projects\Skillfactory\7_Django\News-portal\venv\lib\site-packages\django\template\base.py", line 484, in parse
    raise self.error(token, e)
  File "C:\Users\TASMaster\projects\Skillfactory\7_Django\News-portal\venv\lib\site-packages\django\template\base.py", line 482, in parse
    filter_expression = self.compile_filter(token.contents)
  File "C:\Users\TASMaster\projects\Skillfactory\7_Django\News-portal\venv\lib\site-packages\django\template\base.py", line 600, in compile_filter
    return FilterExpression(token, self)
  File "C:\Users\TASMaster\projects\Skillfactory\7_Django\News-portal\venv\lib\site-packages\django\template\base.py", line 698, in __init__
    filter_func = parser.find_filter(filter_name)
  File "C:\Users\TASMaster\projects\Skillfactory\7_Django\News-portal\venv\lib\site-packages\django\template\base.py", line 606, in find_filter
    raise TemplateSyntaxError("Invalid filter: '%s'" % filter_name)
django.template.exceptions.TemplateSyntaxError: Invalid filter: 'trans'
2023-04-10 18:26:02,997 ERROR "GET /news/4 HTTP/1.1" 500 205905 C:\Users\TASMaster\projects\Skillfactory\7_Django\News-portal\venv\lib\site-packages\django\core\servers\basehttp.py None
